[2022/08/23 16:29]: Logan <laverrelogan@gmail.com>

bmlkajlkhvlkahold

[2022/08/26 23:16]: Logan <laverrelogan@gmail.com>
dgf dfg
[2022/08/26 23:17]: aze <laverrelogan@gmail.com>
qsd qxd
[2022/08/26 23:17]: Logan <olokiin@gmail.com>
qsd 
[2022/08/26 23:39]: qsdq <qsdqsd@fkjhg.fr>
qsdqsd 
[2022/08/27 00:05]: Logan <laverrelogan@gmail.com>
gjhf
[2022/08/27 00:05]: Logan <laverrelogan@gmail.com>
qsdq sdqsd 
[2022/08/27 00:06]: Logan <laverrelogan@gmail.com>
qsd 
[2022/08/27 00:07]: Logan <laverrelogan@gmail.com>
 dfqd qsd
[2022/08/27 00:07]: Logan <laverrelogan@gmail.com>

[2022/08/27 00:29]: Logan <laverrelogan@gmail.com>
dq dqsd 
